2025-10-29T21:53:02.577-03:00  INFO 3016 --- [usuarios] [main] g.usuarios.UsuariosApplication           : Starting UsuariosApplication using Java 17.0.11 with PID 3016 (C:\Users\brian\Desktop\a\Grupo08-Jara-Concha-Peralta\usuarios\target\classes started by brian in C:\Users\brian\Desktop\a\Grupo08-Jara-Concha-Peralta)
2025-10-29T21:53:02.580-03:00  INFO 3016 --- [usuarios] [main] g.usuarios.UsuariosApplication           : No active profile set, falling back to 1 default profile: "default"
2025-10-29T21:53:02.931-03:00 ERROR 3016 --- [usuarios] [main] o.s.boot.SpringApplication               : Application run failed

java.lang.IllegalStateException: No Docker Compose file found in directory 'C:\Users\brian\Desktop\a\Grupo08-Jara-Concha-Peralta\.'
	at org.springframework.util.Assert.state(Assert.java:101) ~[spring-core-6.2.11.jar:6.2.11]
	at org.springframework.boot.docker.compose.lifecycle.DockerComposeLifecycleManager.getComposeFile(DockerComposeLifecycleManager.java:153) ~[spring-boot-docker-compose-3.4.10.jar:3.4.10]
	at org.springframework.boot.docker.compose.lifecycle.DockerComposeLifecycleManager.start(DockerComposeLifecycleManager.java:111) ~[spring-boot-docker-compose-3.4.10.jar:3.4.10]
	at org.springframework.boot.docker.compose.lifecycle.DockerComposeListener.onApplicationEvent(DockerComposeListener.java:53) ~[spring-boot-docker-compose-3.4.10.jar:3.4.10]
	at org.springframework.boot.docker.compose.lifecycle.DockerComposeListener.onApplicationEvent(DockerComposeListener.java:35) ~[spring-boot-docker-compose-3.4.10.jar:3.4.10]
	at org.springframework.context.event.SimpleApplicationEventMulticaster.doInvokeListener(SimpleApplicationEventMulticaster.java:185) ~[spring-context-6.2.11.jar:6.2.11]
	at org.springframework.context.event.SimpleApplicationEventMulticaster.invokeListener(SimpleApplicationEventMulticaster.java:178) ~[spring-context-6.2.11.jar:6.2.11]
	at org.springframework.context.event.SimpleApplicationEventMulticaster.multicastEvent(SimpleApplicationEventMulticaster.java:156) ~[spring-context-6.2.11.jar:6.2.11]
	at org.springframework.context.event.SimpleApplicationEventMulticaster.multicastEvent(SimpleApplicationEventMulticaster.java:138) ~[spring-context-6.2.11.jar:6.2.11]
	at org.springframework.boot.context.event.EventPublishingRunListener.multicastInitialEvent(EventPublishingRunListener.java:136) ~[spring-boot-3.4.10.jar:3.4.10]
	at org.springframework.boot.context.event.EventPublishingRunListener.contextLoaded(EventPublishingRunListener.java:98) ~[spring-boot-3.4.10.jar:3.4.10]
	at org.springframework.boot.SpringApplicationRunListeners.lambda$contextLoaded$4(SpringApplicationRunListeners.java:72) ~[spring-boot-3.4.10.jar:3.4.10]
	at java.base/java.lang.Iterable.forEach(Iterable.java:75) ~[na:na]
	at org.springframework.boot.SpringApplicationRunListeners.doWithListeners(SpringApplicationRunListeners.java:118) ~[spring-boot-3.4.10.jar:3.4.10]
	at org.springframework.boot.SpringApplicationRunListeners.doWithListeners(SpringApplicationRunListeners.java:112) ~[spring-boot-3.4.10.jar:3.4.10]
	at org.springframework.boot.SpringApplicationRunListeners.contextLoaded(SpringApplicationRunListeners.java:72) ~[spring-boot-3.4.10.jar:3.4.10]
	at org.springframework.boot.SpringApplication.prepareContext(SpringApplication.java:416) ~[spring-boot-3.4.10.jar:3.4.10]
	at org.springframework.boot.SpringApplication.run(SpringApplication.java:317) ~[spring-boot-3.4.10.jar:3.4.10]
	at org.springframework.boot.SpringApplication.run(SpringApplication.java:1361) ~[spring-boot-3.4.10.jar:3.4.10]
	at org.springframework.boot.SpringApplication.run(SpringApplication.java:1350) ~[spring-boot-3.4.10.jar:3.4.10]
	at gestionUsaurios.usuarios.UsuariosApplication.main(UsuariosApplication.java:10) ~[classes/:na]

2025-10-29T21:56:53.189-03:00  INFO 13640 --- [usuarios] [main] g.usuarios.UsuariosApplication           : Starting UsuariosApplication using Java 17.0.11 with PID 13640 (C:\Users\brian\Desktop\a\Grupo08-Jara-Concha-Peralta\usuarios\target\classes started by brian in C:\Users\brian\Desktop\a\Grupo08-Jara-Concha-Peralta)
2025-10-29T21:56:53.197-03:00  INFO 13640 --- [usuarios] [main] g.usuarios.UsuariosApplication           : No active profile set, falling back to 1 default profile: "default"
2025-10-29T21:56:54.363-03:00  INFO 13640 --- [usuarios] [main] .s.d.r.c.RepositoryConfigurationDelegate : Bootstrapping Spring Data JPA repositories in DEFAULT mode.
2025-10-29T21:56:54.419-03:00  INFO 13640 --- [usuarios] [main] .s.d.r.c.RepositoryConfigurationDelegate : Finished Spring Data repository scanning in 16 ms. Found 0 JPA repository interfaces.
2025-10-29T21:56:55.237-03:00  INFO 13640 --- [usuarios] [main] o.s.b.w.embedded.tomcat.TomcatWebServer  : Tomcat initialized with port 8180 (http)
2025-10-29T21:56:55.254-03:00  INFO 13640 --- [usuarios] [main] o.apache.catalina.core.StandardService   : Starting service [Tomcat]
2025-10-29T21:56:55.254-03:00  INFO 13640 --- [usuarios] [main] o.apache.catalina.core.StandardEngine    : Starting Servlet engine: [Apache Tomcat/10.1.46]
2025-10-29T21:56:55.324-03:00  INFO 13640 --- [usuarios] [main] o.a.c.c.C.[Tomcat].[localhost].[/]       : Initializing Spring embedded WebApplicationContext
2025-10-29T21:56:55.324-03:00  INFO 13640 --- [usuarios] [main] w.s.c.ServletWebServerApplicationContext : Root WebApplicationContext: initialization completed in 2004 ms
2025-10-29T21:56:55.554-03:00  INFO 13640 --- [usuarios] [main] o.hibernate.jpa.internal.util.LogHelper  : HHH000204: Processing PersistenceUnitInfo [name: default]
2025-10-29T21:56:55.704-03:00  INFO 13640 --- [usuarios] [main] org.hibernate.Version                    : HHH000412: Hibernate ORM core version 6.6.29.Final
2025-10-29T21:56:55.784-03:00  INFO 13640 --- [usuarios] [main] o.h.c.internal.RegionFactoryInitiator    : HHH000026: Second-level cache disabled
2025-10-29T21:56:56.192-03:00  INFO 13640 --- [usuarios] [main] o.s.o.j.p.SpringPersistenceUnitInfo      : No LoadTimeWeaver setup: ignoring JPA class transformer
2025-10-29T21:56:56.231-03:00  INFO 13640 --- [usuarios] [main] com.zaxxer.hikari.HikariDataSource       : HikariPool-1 - Starting...
2025-10-29T21:56:56.810-03:00  INFO 13640 --- [usuarios] [main] com.zaxxer.hikari.pool.HikariPool        : HikariPool-1 - Added connection com.mysql.cj.jdbc.ConnectionImpl@6c24f61d
2025-10-29T21:56:56.813-03:00  INFO 13640 --- [usuarios] [main] com.zaxxer.hikari.HikariDataSource       : HikariPool-1 - Start completed.
2025-10-29T21:56:56.942-03:00  WARN 13640 --- [usuarios] [main] org.hibernate.orm.deprecation            : HHH90000025: MySQL8Dialect does not need to be specified explicitly using 'hibernate.dialect' (remove the property setting and it will be selected by default)
2025-10-29T21:56:56.943-03:00  WARN 13640 --- [usuarios] [main] org.hibernate.orm.deprecation            : HHH90000026: MySQL8Dialect has been deprecated; use org.hibernate.dialect.MySQLDialect instead
2025-10-29T21:56:56.974-03:00  INFO 13640 --- [usuarios] [main] org.hibernate.orm.connections.pooling    : HHH10001005: Database info:
	Database JDBC URL [Connecting through datasource 'HikariDataSource (HikariPool-1)']
	Database driver: undefined/unknown
	Database version: 8.0
	Autocommit mode: undefined/unknown
	Isolation level: undefined/unknown
	Minimum pool size: undefined/unknown
	Maximum pool size: undefined/unknown
2025-10-29T21:56:57.643-03:00  INFO 13640 --- [usuarios] [main] o.h.e.t.j.p.i.JtaPlatformInitiator       : HHH000489: No JTA platform available (set 'hibernate.transaction.jta.platform' to enable JTA platform integration)
2025-10-29T21:56:57.650-03:00  INFO 13640 --- [usuarios] [main] j.LocalContainerEntityManagerFactoryBean : Initialized JPA EntityManagerFactory for persistence unit 'default'
2025-10-29T21:56:57.700-03:00  WARN 13640 --- [usuarios] [main] JpaBaseConfiguration$JpaWebConfiguration : spring.jpa.open-in-view is enabled by default. Therefore, database queries may be performed during view rendering. Explicitly configure spring.jpa.open-in-view to disable this warning
2025-10-29T21:56:58.244-03:00  WARN 13640 --- [usuarios] [main] .s.s.UserDetailsServiceAutoConfiguration : 

Using generated security password: 08d2e5b7-e0dc-4d00-83f5-0a15fe351db6

This generated password is for development use only. Your security configuration must be updated before running your application in production.

2025-10-29T21:56:58.259-03:00  INFO 13640 --- [usuarios] [main] r$InitializeUserDetailsManagerConfigurer : Global AuthenticationManager configured with UserDetailsService bean with name inMemoryUserDetailsManager
2025-10-29T21:56:58.583-03:00  INFO 13640 --- [usuarios] [main] o.s.b.w.embedded.tomcat.TomcatWebServer  : Tomcat started on port 8180 (http) with context path '/'
2025-10-29T21:56:58.592-03:00  INFO 13640 --- [usuarios] [main] g.usuarios.UsuariosApplication           : Started UsuariosApplication in 5.845 seconds (process running for 6.2)
2025-10-29T21:58:06.291-03:00  INFO 13640 --- [usuarios] [http-nio-8180-exec-1] o.a.c.c.C.[Tomcat].[localhost].[/]       : Initializing Spring DispatcherServlet 'dispatcherServlet'
2025-10-29T21:58:06.292-03:00  INFO 13640 --- [usuarios] [http-nio-8180-exec-1] o.s.web.servlet.DispatcherServlet        : Initializing Servlet 'dispatcherServlet'
2025-10-29T21:58:06.292-03:00  INFO 13640 --- [usuarios] [http-nio-8180-exec-1] o.s.web.servlet.DispatcherServlet        : Completed initialization in 0 ms
